{"email":"1@test.com","event":"login_success","level":"info","message":"User logged in successfully","requestId":"81d9eb87-968a-4942-a9ed-b85cda5e0a05","service":"auth-service","timestamp":"2025-04-12 05:28:45","userId":"5dd770c9-4001-4d66-8d6d-21c0c78b4b2e"}
{"email":"1@test.com","event":"login_success","level":"info","message":"User logged in successfully","requestId":"fada3cba-8d2d-432e-a2a7-a5af96351e87","service":"auth-service","timestamp":"2025-04-12 07:18:06","userId":"5dd770c9-4001-4d66-8d6d-21c0c78b4b2e"}
{"error":"Invalid refresh token","event":"token_validation_error","level":"warn","message":"Token validation failed","requestId":"3dc619db-5df8-4c01-924b-34b8749e2c35","service":"auth-service","timestamp":"2025-04-12 07:18:20","tokenId":"unknown"}
{"error":"Invalid refresh token","event":"token_validation_error","level":"warn","message":"Token validation failed","requestId":"1eabf2c9-a72b-4c1a-a48c-8cd33d1d9595","service":"auth-service","timestamp":"2025-04-12 07:19:05","tokenId":"unknown"}
{"error":"Invalid refresh token","event":"token_validation_error","level":"warn","message":"Token validation failed","requestId":"2640fb4b-6942-490c-a218-4d54c1810b4b","service":"auth-service","timestamp":"2025-04-12 07:57:19","tokenId":"unknown"}
{"error":"Invalid refresh token","event":"token_validation_error","level":"warn","message":"Token validation failed","requestId":"4024a232-465c-4de4-827a-76099e8852a2","service":"auth-service","timestamp":"2025-04-12 08:02:35","tokenId":"unknown"}
{"email":"1@test.com","event":"login_success","level":"info","message":"User logged in successfully","requestId":"302d4530-3ed0-4c00-a571-4e881ed3bbd5","service":"auth-service","timestamp":"2025-04-12 08:03:48","userId":"5dd770c9-4001-4d66-8d6d-21c0c78b4b2e"}
{"error":"Invalid refresh token","event":"token_validation_error","level":"warn","message":"Token validation failed","requestId":"4d9bdce6-97ef-4bd2-85ad-c0a562ec4460","service":"auth-service","timestamp":"2025-04-12 08:04:03","tokenId":"unknown"}
{"email":"1@test.com","event":"login_success","level":"info","message":"User logged in successfully","requestId":"fb2b2393-b8ee-492c-a3cd-ae362d505290","service":"auth-service","timestamp":"2025-04-12 08:05:52","userId":"5dd770c9-4001-4d66-8d6d-21c0c78b4b2e"}
{"error":"Invalid refresh token","event":"token_validation_error","level":"warn","message":"Token validation failed","requestId":"18fefef5-813b-4b1e-88f1-53db525b1b59","service":"auth-service","timestamp":"2025-04-12 08:08:19","tokenId":"unknown"}
{"error":"Invalid refresh token","event":"token_validation_error","level":"warn","message":"Token validation failed","requestId":"f8081a20-3c8c-47d7-9459-b24921e5b34b","service":"auth-service","timestamp":"2025-04-12 08:08:32","tokenId":"unknown"}
{"error":"Invalid refresh token","event":"token_validation_error","level":"warn","message":"Token validation failed","requestId":"52d51303-0a33-45f2-9aef-0affbf94a1ae","service":"auth-service","timestamp":"2025-04-12 09:18:47","tokenId":"unknown"}
{"error":"Invalid refresh token","event":"token_validation_error","level":"warn","message":"Token validation failed","requestId":"879e66dc-70f3-46fd-9b64-9b45499e9a09","service":"auth-service","timestamp":"2025-04-12 09:19:11","tokenId":"unknown"}
{"event":"token_refresh","level":"info","message":"Token refreshed","requestId":"b50a6b6f-a0d1-4a53-9a64-bb38abf1daaf","service":"auth-service","timestamp":"2025-04-12 09:19:56","userId":"5dd770c9-4001-4d66-8d6d-21c0c78b4b2e"}
{"email":"1@test.com","event":"login_success","level":"info","message":"User logged in successfully","requestId":"ff7ca278-98ea-447f-b9e1-8c0460e13300","service":"auth-service","timestamp":"2025-04-12 09:20:52","userId":"5dd770c9-4001-4d66-8d6d-21c0c78b4b2e"}
{"error":"Token has expired","event":"token_validation_error","level":"warn","message":"Token validation failed","service":"auth-service","timestamp":"2025-04-12 10:11:58","tokenId":"unknown"}
{"email":"1@test.com","event":"login_success","level":"info","message":"User logged in successfully","requestId":"76babc27-060c-4ea6-9bd3-40b84649f473","service":"auth-service","timestamp":"2025-04-12 10:12:12","userId":"5dd770c9-4001-4d66-8d6d-21c0c78b4b2e"}
{"error":"Token has expired","event":"token_validation_error","level":"warn","message":"Token validation failed","service":"auth-service","timestamp":"2025-04-12 10:12:18","tokenId":"unknown"}
{"error":"Token has expired","event":"token_validation_error","level":"warn","message":"Token validation failed","service":"auth-service","timestamp":"2025-04-12 10:16:47","tokenId":"unknown"}
{"email":"abcd@abcddd.com","event":"login_failure","level":"warn","message":"Login attempt failed","reason":"Invalid email or password.","requestId":"a23c294b-44ef-470a-b7c0-e1a19f015980","service":"auth-service","timestamp":"2025-04-22 11:22:37"}
{"email":"abcd@abcddd.com","event":"login_failure","level":"warn","message":"Login attempt failed","reason":"Invalid email or password.","requestId":"112d6db3-2025-4920-acb7-884f6fa601ae","service":"auth-service","timestamp":"2025-04-22 11:22:54"}
{"email":"abcd@abcddd.com","event":"login_failure","level":"warn","message":"Login attempt failed","reason":"Invalid email or password.","requestId":"53db4468-94f6-45f4-87b2-29ddc65229a7","service":"auth-service","timestamp":"2025-04-22 11:38:28"}
{"email":"abcd@abcddd.com","event":"login_failure","level":"warn","message":"Login attempt failed","reason":"Invalid email or password.","requestId":"bcd21fc9-b3bb-4edc-a7f2-d8fe63662933","service":"auth-service","timestamp":"2025-04-22 11:39:31"}
{"email":"abcd@abcddd.com","event":"login_failure","level":"warn","message":"Login attempt failed","reason":"Invalid email or password.","requestId":"547bb7d5-55a1-4a82-9484-c70aef1cf684","service":"auth-service","timestamp":"2025-04-22 11:43:16"}
{"email":"abcd@abcddd.com","event":"login_failure","level":"warn","message":"Login attempt failed","reason":"Invalid email or password.","requestId":"cb703dd1-1f2f-4022-8f3c-d9b92e12218e","service":"auth-service","timestamp":"2025-04-22 11:44:30"}
{"email":"abcd@abcddd.com","event":"login_failure","level":"warn","message":"Login attempt failed","reason":"Invalid email or password.","requestId":"869837ec-b7de-4328-848d-ab871d125093","service":"auth-service","timestamp":"2025-04-22 11:45:28"}
{"email":"abcd@abcddd.com","event":"login_failure","level":"warn","message":"Login attempt failed","reason":"Invalid email or password.","requestId":"91756aad-42f2-4161-b5fe-27916b595417","service":"auth-service","timestamp":"2025-04-22 11:49:30"}
{"email":"abcd@abcddd.com","event":"login_failure","level":"warn","message":"Login attempt failed","reason":"Invalid email or password.","requestId":"ea386f20-0969-4200-8599-eaebf9733599","service":"auth-service","timestamp":"2025-04-22 12:01:31"}
{"email":"abcd@abcddd.com","event":"login_failure","level":"warn","message":"Login attempt failed","reason":"Invalid email or password.","requestId":"22c45691-7cb9-4e98-9bff-fa61c861995f","service":"auth-service","timestamp":"2025-04-22 12:03:48"}
{"email":"abcd@abcddd.com","event":"login_failure","level":"warn","message":"Login attempt failed","reason":"Invalid email or password.","requestId":"3ce59143-b27f-41ce-bd20-a1f5109dd99c","service":"auth-service","timestamp":"2025-04-22 12:05:52"}
{"email":"abcd@abcddd.com","event":"login_failure","level":"warn","message":"Login attempt failed","reason":"Failed to store refresh token.","requestId":"6b0f5566-64b4-491c-87b9-6914bc088109","service":"auth-service","timestamp":"2025-04-22 12:09:08"}
{"email":"abcd@abcddd.com","event":"login_success","level":"info","message":"User logged in successfully","requestId":"35214aad-f279-4a30-8059-76093464d0c4","service":"auth-service","timestamp":"2025-04-22 12:16:37","userId":"645ad188-3bf4-44eb-9c45-8a9dfc7d712d"}
{"email":"abcd@abcddd.com","event":"login_success","level":"info","message":"User logged in successfully","requestId":"fc84f4b6-b863-48ab-a820-2a0a42e1318f","service":"auth-service","timestamp":"2025-04-22 12:17:15","userId":"645ad188-3bf4-44eb-9c45-8a9dfc7d712d"}
{"email":"abcd@abcd.com","event":"login_failure","level":"warn","message":"Login attempt failed","reason":"Invalid email or password.","requestId":"da558ebc-658c-458d-8280-32da8dcc123f","service":"auth-service","timestamp":"2025-04-22 12:38:31"}
{"email":"abcd@abcddd.com","event":"login_success","level":"info","message":"User logged in successfully","requestId":"465cd270-1a5c-4ed8-b7b8-1bbea29badaa","service":"auth-service","timestamp":"2025-04-22 12:38:43","userId":"645ad188-3bf4-44eb-9c45-8a9dfc7d712d"}
{"email":"abcd@abcddd.com","event":"login_failure","level":"warn","message":"Login attempt failed","reason":"Invalid email or password.","requestId":"b42b6ad1-2a0e-4154-b22d-b94daf70b018","service":"auth-service","timestamp":"2025-04-22 12:41:39"}
{"email":"abcd@abcddd.com","event":"login_success","level":"info","message":"User logged in successfully","requestId":"0a1b8f90-dad8-431f-b9ab-c4a0c7825ee1","service":"auth-service","timestamp":"2025-04-22 12:42:05","userId":"645ad188-3bf4-44eb-9c45-8a9dfc7d712d"}
{"email":"abcd@abcddd.com","event":"login_success","level":"info","message":"User logged in successfully","requestId":"b7a619bd-590c-458e-bf24-645084cc5cb5","service":"auth-service","timestamp":"2025-04-22 13:01:50","userId":"645ad188-3bf4-44eb-9c45-8a9dfc7d712d"}
{"email":"abcd@abcddd.com","event":"login_failure","level":"warn","message":"Login attempt failed","reason":"Invalid email or password.","requestId":"afdf3f84-0fda-47bd-a295-5c2347c55689","service":"auth-service","timestamp":"2025-04-22 13:08:16"}
{"email":"abcd@abcddd.com","event":"login_success","level":"info","message":"User logged in successfully","requestId":"75b70ce5-0bba-475b-98f2-063604e4988a","service":"auth-service","timestamp":"2025-04-22 13:08:26","userId":"645ad188-3bf4-44eb-9c45-8a9dfc7d712d"}
{"email":"abcd@abcddd.com","event":"login_success","level":"info","message":"User logged in successfully","requestId":"ac11ea98-b352-47df-b9d2-92b1df35c245","service":"auth-service","timestamp":"2025-04-22 13:11:45","userId":"645ad188-3bf4-44eb-9c45-8a9dfc7d712d"}
{"email":"abcd@abcddd.com","event":"login_success","level":"info","message":"User logged in successfully","requestId":"558fd18e-ed85-41b2-920f-78dc4762a733","service":"auth-service","timestamp":"2025-04-22 13:15:37","userId":"645ad188-3bf4-44eb-9c45-8a9dfc7d712d"}
{"email":"abcd@abcddd.com","event":"login_success","level":"info","message":"User logged in successfully","requestId":"dc17b234-7a4a-4a18-8bef-2009155cf138","service":"auth-service","timestamp":"2025-04-22 13:36:09","userId":"645ad188-3bf4-44eb-9c45-8a9dfc7d712d"}
